<?xml version="1.0" encoding="UTF-8"?>
<!-- Generated by org.testng.reporters.JUnitXMLReporter -->
<testsuite ignored="2" hostname="DESKTOP-GSOLF5L" failures="0" tests="5" name="Surefire test" time="213.403" errors="0" timestamp="2022-04-22T11:00:28 EEST">
  <testcase classname="HomePageTests" name="checkEnterInvalidDate" time="12.627"/>
  <testcase classname="HomePageTests" name="checkEnterInvalidDate" time="91.163"/>
  <testcase classname="HomePageTests" name="checkEnterInvalidDate" time="14.444"/>
  <testcase classname="HomePageTests" name="checkSearching" time="32.185"/>
  <testcase classname="TDDTests" name="checkEnterInvalidDateFromXlsx" time="0.0">
    <skipped/>
  </testcase> <!-- checkEnterInvalidDateFromXlsx -->
  <testcase classname="BasePageTests" name="@BeforeTest profileSetUp" time="0.0">
    <ignored/>
  </testcase> <!-- @BeforeTest profileSetUp -->
  <testcase classname="BasePageTests" name="@BeforeTest profileSetUp" time="0.0">
    <ignored/>
  </testcase> <!-- @BeforeTest profileSetUp -->
</testsuite> <!-- Surefire test -->
